<?xml version="1.0" encoding="UTF-8"?>
<!-- Generated by org.testng.reporters.JUnitXMLReporter -->
<testsuite ignored="0" hostname="DESKTOP-OSUCQ8V" failures="2" tests="4" name="chromeTest" time="42.227" errors="0" timestamp="2022-03-21T23:18:31 IST">
  <testcase classname="com.project.TestNG_003" name="f" time="0.008">
    <failure type="java.lang.IllegalArgumentException" message="Cannot find elements when id is null.">
      <![CDATA[java.lang.IllegalArgumentException: Cannot find elements when id is null.
at org.openqa.selenium.internal.Require$ArgumentChecker.nonNull(Require.java:204)
at org.openqa.selenium.By$ById.<init>(By.java:188)
at org.openqa.selenium.By.id(By.java:49)
at com.project.BaseTest.getLocator(BaseTest.java:206)
at com.project.BaseTest.getElement(BaseTest.java:194)
at com.project.BaseTest.selectListOption(BaseTest.java:172)
at com.project.TestNG_003.f(TestNG_003.java:30)
at java.base/java.util.ArrayList.forEach(ArrayList.java:1511)
at java.base/java.util.concurrent.FutureTask.run(FutureTask.java:264)
at java.base/java.util.concurrent.ThreadPoolExecutor.runWorker(ThreadPoolExecutor.java:1136)
at java.base/java.util.concurrent.ThreadPoolExecutor$Worker.run(ThreadPoolExecutor.java:635)
at java.base/java.lang.Thread.run(Thread.java:833)
... Removed 18 stack frames]]>
    </failure>
  </testcase> <!-- f -->
  <testcase classname="com.project.RadioButton1" name="RadioButtonTest" time="0.132"/>
  <testcase classname="com.project.LinksTesting1" name="linksTesting1" time="2.066">
    <failure type="java.lang.AssertionError" message="expected [?????? ?????] but found [Google]">
      <![CDATA[java.lang.AssertionError: expected [?????? ?????] but found [Google]
at com.project.LinksTesting1.linksTesting1(LinksTesting1.java:45)
at java.base/java.util.ArrayList.forEach(ArrayList.java:1511)
at java.base/java.util.concurrent.FutureTask.run(FutureTask.java:264)
at java.base/java.util.concurrent.ThreadPoolExecutor.runWorker(ThreadPoolExecutor.java:1136)
at java.base/java.util.concurrent.ThreadPoolExecutor$Worker.run(ThreadPoolExecutor.java:635)
at java.base/java.lang.Thread.run(Thread.java:833)
... Removed 24 stack frames]]>
    </failure>
  </testcase> <!-- linksTesting1 -->
  <testcase classname="com.project.CheckBox1" name="checkboxTest" time="0.012"/>
</testsuite> <!-- chromeTest -->
