<?xml version="1.0" encoding="UTF-8"?>
<!-- Generated by org.testng.reporters.JUnitXMLReporter -->
<testsuite ignored="0" hostname="DESKTOP-OSUCQ8V" failures="0" tests="4" name="AutomationTest01" time="10.394" errors="0" timestamp="2022-03-21T22:27:17 IST">
  <testcase classname="com.project.TestNG_003" name="@BeforeMethod beforeMethod" time="2.859">
    <failure type="java.lang.NullPointerException" message="Cannot invoke &amp;quot;org.openqa.selenium.WebDriver.navigate()&amp;quot; because &amp;quot;com.project.BaseTest.driver&amp;quot; is null">
      <![CDATA[java.lang.NullPointerException: Cannot invoke "org.openqa.selenium.WebDriver.navigate()" because "com.project.BaseTest.driver" is null
at com.project.BaseTest.navigateUrl(BaseTest.java:159)
at com.project.TestNG_003.beforeMethod(TestNG_003.java:23)
at java.base/java.util.ArrayList.forEach(ArrayList.java:1511)
... Removed 31 stack frames]]>
    </failure>
  </testcase> <!-- @BeforeMethod beforeMethod -->
  <testcase classname="com.project.TestNG_003" name="@AfterMethod afterMethod" time="-1.6478818296E9">
    <skipped/>
  </testcase> <!-- @AfterMethod afterMethod -->
  <testcase classname="com.project.RadioButton1" name="@BeforeMethod beforeMethod" time="2.023">
    <failure type="java.lang.NullPointerException" message="Cannot invoke &amp;quot;org.openqa.selenium.WebDriver.navigate()&amp;quot; because &amp;quot;com.project.BaseTest.driver&amp;quot; is null">
      <![CDATA[java.lang.NullPointerException: Cannot invoke "org.openqa.selenium.WebDriver.navigate()" because "com.project.BaseTest.driver" is null
at com.project.BaseTest.navigateUrl(BaseTest.java:159)
at com.project.RadioButton1.beforeMethod(RadioButton1.java:28)
at java.base/java.util.ArrayList.forEach(ArrayList.java:1511)
... Removed 31 stack frames]]>
    </failure>
  </testcase> <!-- @BeforeMethod beforeMethod -->
  <testcase classname="com.project.RadioButton1" name="@AfterMethod afterMethod" time="-1.647881831644E9">
    <skipped/>
  </testcase> <!-- @AfterMethod afterMethod -->
  <testcase classname="com.project.LinksTesting1" name="@BeforeMethod setup" time="2.37">
    <failure type="java.lang.NullPointerException" message="Cannot invoke &amp;quot;org.openqa.selenium.WebDriver.navigate()&amp;quot; because &amp;quot;com.project.BaseTest.driver&amp;quot; is null">
      <![CDATA[java.lang.NullPointerException: Cannot invoke "org.openqa.selenium.WebDriver.navigate()" because "com.project.BaseTest.driver" is null
at com.project.BaseTest.navigateUrl(BaseTest.java:159)
at com.project.LinksTesting1.setup(LinksTesting1.java:31)
at java.base/java.util.ArrayList.forEach(ArrayList.java:1511)
... Removed 31 stack frames]]>
    </failure>
  </testcase> <!-- @BeforeMethod setup -->
  <testcase classname="com.project.LinksTesting1" name="@AfterMethod afterMethod" time="-1.647881834033E9">
    <skipped/>
  </testcase> <!-- @AfterMethod afterMethod -->
  <testcase classname="com.project.CheckBox1" name="@BeforeMethod beforeMethod" time="3.042">
    <failure type="java.lang.NullPointerException" message="Cannot invoke &amp;quot;org.openqa.selenium.WebDriver.navigate()&amp;quot; because &amp;quot;com.project.BaseTest.driver&amp;quot; is null">
      <![CDATA[java.lang.NullPointerException: Cannot invoke "org.openqa.selenium.WebDriver.navigate()" because "com.project.BaseTest.driver" is null
at com.project.BaseTest.navigateUrl(BaseTest.java:159)
at com.project.CheckBox1.beforeMethod(CheckBox1.java:32)
at java.base/java.util.ArrayList.forEach(ArrayList.java:1511)
... Removed 31 stack frames]]>
    </failure>
  </testcase> <!-- @BeforeMethod beforeMethod -->
  <testcase classname="com.project.CheckBox1" name="@AfterMethod afterMethod" time="-1.647881837084E9">
    <skipped/>
  </testcase> <!-- @AfterMethod afterMethod -->
  <testcase classname="com.project.TestNG_003" name="f" time="0.0">
    <skipped/>
  </testcase> <!-- f -->
  <testcase classname="com.project.RadioButton1" name="RadioButtonTest" time="0.0">
    <skipped/>
  </testcase> <!-- RadioButtonTest -->
  <testcase classname="com.project.LinksTesting1" name="linksTesting1" time="0.0">
    <skipped/>
  </testcase> <!-- linksTesting1 -->
  <testcase classname="com.project.CheckBox1" name="checkboxTest" time="0.0">
    <skipped/>
  </testcase> <!-- checkboxTest -->
</testsuite> <!-- AutomationTest01 -->
